This is pdfTeX, Version 3.14159265-2.6-1.40.20 (TeX Live 2019/Debian) (preloaded format=pdflatex 2020.3.9)  11 MAY 2020 13:12
entering extended mode
 restricted \write18 enabled.
 %&-line parsing enabled.
**Lab_report_3.tex
(./Lab_report_3.tex
LaTeX2e <2018-12-01>
\@input{header.aux}
\openout2 = `header.aux'.

(./header.tex (/usr/share/texlive/texmf-dist/tex/latex/base/report.cls
Document Class: report 2018/09/03 v1.4i Standard LaTeX document class
(/usr/share/texlive/texmf-dist/tex/latex/base/size12.clo
File: size12.clo 2018/09/03 v1.4i Standard LaTeX file (size option)
)
\c@part=\count80
\c@chapter=\count81
\c@section=\count82
\c@subsection=\count83
\c@subsubsection=\count84
\c@paragraph=\count85
\c@subparagraph=\count86
\c@figure=\count87
\c@table=\count88
\abovecaptionskip=\skip41
\belowcaptionskip=\skip42
\bibindent=\dimen102
)
(/usr/share/texlive/texmf-dist/tex/latex/geometry/geometry.sty
Package: geometry 2018/04/16 v5.8 Page Geometry

(/usr/share/texlive/texmf-dist/tex/latex/graphics/keyval.sty
Package: keyval 2014/10/28 v1.15 key=value parser (DPC)
\KV@toks@=\toks14
)
(/usr/share/texlive/texmf-dist/tex/generic/oberdiek/ifpdf.sty
Package: ifpdf 2018/09/07 v3.3 Provides the ifpdf switch
)
(/usr/share/texlive/texmf-dist/tex/generic/oberdiek/ifvtex.sty
Package: ifvtex 2016/05/16 v1.6 Detect VTeX and its facilities (HO)
Package ifvtex Info: VTeX not detected.
)
(/usr/share/texlive/texmf-dist/tex/generic/ifxetex/ifxetex.sty
Package: ifxetex 2010/09/12 v0.6 Provides ifxetex conditional
)
\Gm@cnth=\count89
\Gm@cntv=\count90
\c@Gm@tempcnt=\count91
\Gm@bindingoffset=\dimen103
\Gm@wd@mp=\dimen104
\Gm@odd@mp=\dimen105
\Gm@even@mp=\dimen106
\Gm@layoutwidth=\dimen107
\Gm@layoutheight=\dimen108
\Gm@layouthoffset=\dimen109
\Gm@layoutvoffset=\dimen110
\Gm@dimlist=\toks15
)
(/usr/share/texlive/texmf-dist/tex/latex/graphics/graphicx.sty
Package: graphicx 2017/06/01 v1.1a Enhanced LaTeX Graphics (DPC,SPQR)

(/usr/share/texlive/texmf-dist/tex/latex/graphics/graphics.sty
Package: graphics 2017/06/25 v1.2c Standard LaTeX Graphics (DPC,SPQR)

(/usr/share/texlive/texmf-dist/tex/latex/graphics/trig.sty
Package: trig 2016/01/03 v1.10 sin cos tan (DPC)
)
(/usr/share/texlive/texmf-dist/tex/latex/graphics-cfg/graphics.cfg
File: graphics.cfg 2016/06/04 v1.11 sample graphics configuration
)
Package graphics Info: Driver file: pdftex.def on input line 99.

(/usr/share/texlive/texmf-dist/tex/latex/graphics-def/pdftex.def
File: pdftex.def 2018/01/08 v1.0l Graphics/color driver for pdftex
))
\Gin@req@height=\dimen111
\Gin@req@width=\dimen112
)
(/usr/share/texlive/texmf-dist/tex/latex/listings/listings.sty
\lst@mode=\count92
\lst@gtempboxa=\box27
\lst@token=\toks16
\lst@length=\count93
\lst@currlwidth=\dimen113
\lst@column=\count94
\lst@pos=\count95
\lst@lostspace=\dimen114
\lst@width=\dimen115
\lst@newlines=\count96
\lst@lineno=\count97
\lst@maxwidth=\dimen116

(/usr/share/texlive/texmf-dist/tex/latex/listings/lstmisc.sty
File: lstmisc.sty 2019/02/27 1.8b (Carsten Heinz)
\c@lstnumber=\count98
\lst@skipnumbers=\count99
\lst@framebox=\box28
)
(/usr/share/texlive/texmf-dist/tex/latex/listings/listings.cfg
File: listings.cfg 2019/02/27 1.8b listings configuration
))
Package: listings 2019/02/27 1.8b (Carsten Heinz)

(/usr/share/texlive/texmf-dist/tex/latex/xcolor/xcolor.sty
Package: xcolor 2016/05/11 v2.12 LaTeX color extensions (UK)

(/usr/share/texlive/texmf-dist/tex/latex/graphics-cfg/color.cfg
File: color.cfg 2016/01/02 v1.6 sample color configuration
)
Package xcolor Info: Driver file: pdftex.def on input line 225.
Package xcolor Info: Model `cmy' substituted by `cmy0' on input line 1348.
Package xcolor Info: Model `hsb' substituted by `rgb' on input line 1352.
Package xcolor Info: Model `RGB' extended on input line 1364.
Package xcolor Info: Model `HTML' substituted by `rgb' on input line 1366.
Package xcolor Info: Model `Hsb' substituted by `hsb' on input line 1367.
Package xcolor Info: Model `tHsb' substituted by `hsb' on input line 1368.
Package xcolor Info: Model `HSB' substituted by `hsb' on input line 1369.
Package xcolor Info: Model `Gray' substituted by `gray' on input line 1370.
Package xcolor Info: Model `wave' substituted by `hsb' on input line 1371.
)
(/usr/share/texlive/texmf-dist/tex/latex/url/url.sty
\Urlmuskip=\muskip10
Package: url 2013/09/16  ver 3.4  Verb mode for urls, etc.
)
(/usr/share/texlive/texmf-dist/tex/latex/hyperref/hyperref.sty
Package: hyperref 2018/11/30 v6.88e Hypertext links for LaTeX

(/usr/share/texlive/texmf-dist/tex/generic/oberdiek/hobsub-hyperref.sty
Package: hobsub-hyperref 2016/05/16 v1.14 Bundle oberdiek, subset hyperref (HO)


(/usr/share/texlive/texmf-dist/tex/generic/oberdiek/hobsub-generic.sty
Package: hobsub-generic 2016/05/16 v1.14 Bundle oberdiek, subset generic (HO)
Package: hobsub 2016/05/16 v1.14 Construct package bundles (HO)
Package: infwarerr 2016/05/16 v1.4 Providing info/warning/error messages (HO)
Package: ltxcmds 2016/05/16 v1.23 LaTeX kernel commands for general use (HO)
Package: ifluatex 2016/05/16 v1.4 Provides the ifluatex switch (HO)
Package ifluatex Info: LuaTeX not detected.
Package hobsub Info: Skipping package `ifvtex' (already loaded).
Package: intcalc 2016/05/16 v1.2 Expandable calculations with integers (HO)
Package hobsub Info: Skipping package `ifpdf' (already loaded).
Package: etexcmds 2016/05/16 v1.6 Avoid name clashes with e-TeX commands (HO)
Package: kvsetkeys 2016/05/16 v1.17 Key value parser (HO)
Package: kvdefinekeys 2016/05/16 v1.4 Define keys (HO)
Package: pdftexcmds 2018/09/10 v0.29 Utility functions of pdfTeX for LuaTeX (HO
)
Package pdftexcmds Info: LuaTeX not detected.
Package pdftexcmds Info: \pdf@primitive is available.
Package pdftexcmds Info: \pdf@ifprimitive is available.
Package pdftexcmds Info: \pdfdraftmode found.
Package: pdfescape 2016/05/16 v1.14 Implements pdfTeX's escape features (HO)
Package: bigintcalc 2016/05/16 v1.4 Expandable calculations on big integers (HO
)
Package: bitset 2016/05/16 v1.2 Handle bit-vector datatype (HO)
Package: uniquecounter 2016/05/16 v1.3 Provide unlimited unique counter (HO)
)
Package hobsub Info: Skipping package `hobsub' (already loaded).
Package: letltxmacro 2016/05/16 v1.5 Let assignment for LaTeX macros (HO)
Package: hopatch 2016/05/16 v1.3 Wrapper for package hooks (HO)
Package: xcolor-patch 2016/05/16 xcolor patch
Package: atveryend 2016/05/16 v1.9 Hooks at the very end of document (HO)
Package atveryend Info: \enddocument detected (standard20110627).
Package: atbegshi 2016/06/09 v1.18 At begin shipout hook (HO)
Package: refcount 2016/05/16 v3.5 Data extraction from label references (HO)
Package: hycolor 2016/05/16 v1.8 Color options for hyperref/bookmark (HO)
)
(/usr/share/texlive/texmf-dist/tex/latex/oberdiek/auxhook.sty
Package: auxhook 2016/05/16 v1.4 Hooks for auxiliary files (HO)
)
(/usr/share/texlive/texmf-dist/tex/latex/oberdiek/kvoptions.sty
Package: kvoptions 2016/05/16 v3.12 Key value format for package options (HO)
)
\@linkdim=\dimen117
\Hy@linkcounter=\count100
\Hy@pagecounter=\count101

(/usr/share/texlive/texmf-dist/tex/latex/hyperref/pd1enc.def
File: pd1enc.def 2018/11/30 v6.88e Hyperref: PDFDocEncoding definition (HO)
Now handling font encoding PD1 ...
... no UTF-8 mapping file for font encoding PD1
)
\Hy@SavedSpaceFactor=\count102

(/usr/share/texlive/texmf-dist/tex/latex/latexconfig/hyperref.cfg
File: hyperref.cfg 2002/06/06 v1.2 hyperref configuration of TeXLive
)
Package hyperref Info: Hyper figures OFF on input line 4519.
Package hyperref Info: Link nesting OFF on input line 4524.
Package hyperref Info: Hyper index ON on input line 4527.
Package hyperref Info: Plain pages OFF on input line 4534.
Package hyperref Info: Backreferencing OFF on input line 4539.
Package hyperref Info: Implicit mode ON; LaTeX internals redefined.
Package hyperref Info: Bookmarks ON on input line 4772.
\c@Hy@tempcnt=\count103
LaTeX Info: Redefining \url on input line 5125.
\XeTeXLinkMargin=\dimen118
\Fld@menulength=\count104
\Field@Width=\dimen119
\Fld@charsize=\dimen120
Package hyperref Info: Hyper figures OFF on input line 6380.
Package hyperref Info: Link nesting OFF on input line 6385.
Package hyperref Info: Hyper index ON on input line 6388.
Package hyperref Info: backreferencing OFF on input line 6395.
Package hyperref Info: Link coloring OFF on input line 6400.
Package hyperref Info: Link coloring with OCG OFF on input line 6405.
Package hyperref Info: PDF/A mode OFF on input line 6410.
LaTeX Info: Redefining \ref on input line 6450.
LaTeX Info: Redefining \pageref on input line 6454.
\Hy@abspage=\count105
\c@Item=\count106
\c@Hfootnote=\count107
)
Package hyperref Info: Driver (autodetected): hpdftex.

(/usr/share/texlive/texmf-dist/tex/latex/hyperref/hpdftex.def
File: hpdftex.def 2018/11/30 v6.88e Hyperref driver for pdfTeX
\Fld@listcount=\count108
\c@bookmark@seq@number=\count109

(/usr/share/texlive/texmf-dist/tex/latex/oberdiek/rerunfilecheck.sty
Package: rerunfilecheck 2016/05/16 v1.8 Rerun checks for auxiliary files (HO)
Package uniquecounter Info: New unique counter `rerunfilecheck' on input line 2
82.
)
\Hy@SectionHShift=\skip43
)
(/usr/share/texlive/texmf-dist/tex/latex/adjustbox/adjustbox.sty
Package: adjustbox 2019/01/04 v1.2 Adjusting TeX boxes (trim, clip, ...)

(/usr/share/texlive/texmf-dist/tex/latex/xkeyval/xkeyval.sty
Package: xkeyval 2014/12/03 v2.7a package option processing (HA)

(/usr/share/texlive/texmf-dist/tex/generic/xkeyval/xkeyval.tex
(/usr/share/texlive/texmf-dist/tex/generic/xkeyval/xkvutils.tex
\XKV@toks=\toks17
\XKV@tempa@toks=\toks18
)
\XKV@depth=\count110
File: xkeyval.tex 2014/12/03 v2.7a key=value parser (HA)
))
(/usr/share/texlive/texmf-dist/tex/latex/adjustbox/adjcalc.sty
Package: adjcalc 2012/05/16 v1.1 Provides advanced setlength with multiple back
-ends (calc, etex, pgfmath)
)
(/usr/share/texlive/texmf-dist/tex/latex/adjustbox/trimclip.sty
Package: trimclip 2018/04/08 v1.1 Trim and clip general TeX material

(/usr/share/texlive/texmf-dist/tex/latex/collectbox/collectbox.sty
Package: collectbox 2012/05/17 v0.4b Collect macro arguments as boxes
\collectedbox=\box29
)
\tc@llx=\dimen121
\tc@lly=\dimen122
\tc@urx=\dimen123
\tc@ury=\dimen124
Package trimclip Info: Using driver 'tc-pdftex.def'.

(/usr/share/texlive/texmf-dist/tex/latex/adjustbox/tc-pdftex.def
File: tc-pdftex.def 2019/01/04 v2.2 Clipping driver for pdftex
))
\adjbox@Width=\dimen125
\adjbox@Height=\dimen126
\adjbox@Depth=\dimen127
\adjbox@Totalheight=\dimen128
\adjbox@pwidth=\dimen129
\adjbox@pheight=\dimen130
\adjbox@pdepth=\dimen131
\adjbox@ptotalheight=\dimen132

(/usr/share/texlive/texmf-dist/tex/latex/ifoddpage/ifoddpage.sty
Package: ifoddpage 2016/04/23 v1.1 Conditionals for odd/even page detection
\c@checkoddpage=\count111
)
(/usr/share/texlive/texmf-dist/tex/latex/varwidth/varwidth.sty
Package: varwidth 2009/03/30 ver 0.92;  Variable-width minipages
\@vwid@box=\box30
\sift@deathcycles=\count112
\@vwid@loff=\dimen133
\@vwid@roff=\dimen134
))
(/usr/share/texlive/texmf-dist/tex/latex/subfig/subfig.sty
Package: subfig 2005/06/28 ver: 1.3 subfig package

(/usr/share/texlive/texmf-dist/tex/latex/caption/caption.sty
Package: caption 2018/10/06 v3.3-154 Customizing captions (AR)

(/usr/share/texlive/texmf-dist/tex/latex/caption/caption3.sty
Package: caption3 2018/09/12 v1.8c caption3 kernel (AR)
Package caption3 Info: TeX engine: e-TeX on input line 64.
\captionmargin=\dimen135
\captionmargin@=\dimen136
\captionwidth=\dimen137
\caption@tempdima=\dimen138
\caption@indent=\dimen139
\caption@parindent=\dimen140
\caption@hangindent=\dimen141
)
\c@caption@flags=\count113
\c@ContinuedFloat=\count114
Package caption Info: hyperref package is loaded.
Package caption Info: listings package is loaded.
)
\c@KVtest=\count115
\sf@farskip=\skip44
\sf@captopadj=\dimen142
\sf@capskip=\skip45
\sf@nearskip=\skip46
\c@subfigure=\count116
\c@subfigure@save=\count117
\c@lofdepth=\count118
\c@subtable=\count119
\c@subtable@save=\count120
\c@lotdepth=\count121
\sf@top=\skip47
\sf@bottom=\skip48
)
(/usr/share/texlive/texmf-dist/tex/latex/pdfpages/pdfpages.sty
Package: pdfpages 2017/10/31 v0.5l Insert pages of external PDF documents (AM)

(/usr/share/texlive/texmf-dist/tex/latex/base/ifthen.sty
Package: ifthen 2014/09/29 v1.1c Standard LaTeX ifthen package (DPC)
)
(/usr/share/texlive/texmf-dist/tex/latex/tools/calc.sty
Package: calc 2017/05/25 v4.3 Infix arithmetic (KKT,FJ)
\calc@Acount=\count122
\calc@Bcount=\count123
\calc@Adimen=\dimen143
\calc@Bdimen=\dimen144
\calc@Askip=\skip49
\calc@Bskip=\skip50
LaTeX Info: Redefining \setlength on input line 80.
LaTeX Info: Redefining \addtolength on input line 81.
\calc@Ccount=\count124
\calc@Cskip=\skip51
)
(/usr/share/texlive/texmf-dist/tex/latex/eso-pic/eso-pic.sty
Package: eso-pic 2018/04/12 v2.0h eso-pic (RN)
)
\AM@pagewidth=\dimen145
\AM@pageheight=\dimen146

(/usr/share/texlive/texmf-dist/tex/latex/pdfpages/pppdftex.def
File: pppdftex.def 2017/10/31 v0.5l Pdfpages driver for pdfTeX (AM)
)
\AM@pagebox=\box31
\AM@global@opts=\toks19
\AM@toc@title=\toks20
\c@AM@survey=\count125
\AM@templatesizebox=\box32
)
(/usr/share/texlive/texmf-dist/tex/latex/listings/lstlang1.sty
File: lstlang1.sty 2019/02/27 1.8b listings language file
)
(/usr/share/texlive/texmf-dist/tex/latex/listings/lstmisc.sty
File: lstmisc.sty 2019/02/27 1.8b (Carsten Heinz)
))
(./Lab_report_3.aux (./titlepage.aux)

LaTeX Warning: Label `fig:symbol_example' multiply defined.


LaTeX Warning: Label `fig:symbol_example' multiply defined.


LaTeX Warning: Label `fig:symbol_detect_flowchart' multiply defined.

)
\openout1 = `Lab_report_3.aux'.

LaTeX Font Info:    Checking defaults for OML/cmm/m/it on input line 4.
LaTeX Font Info:    ... okay on input line 4.
LaTeX Font Info:    Checking defaults for T1/cmr/m/n on input line 4.
LaTeX Font Info:    ... okay on input line 4.
LaTeX Font Info:    Checking defaults for OT1/cmr/m/n on input line 4.
LaTeX Font Info:    ... okay on input line 4.
LaTeX Font Info:    Checking defaults for OMS/cmsy/m/n on input line 4.
LaTeX Font Info:    ... okay on input line 4.
LaTeX Font Info:    Checking defaults for OMX/cmex/m/n on input line 4.
LaTeX Font Info:    ... okay on input line 4.
LaTeX Font Info:    Checking defaults for U/cmr/m/n on input line 4.
LaTeX Font Info:    ... okay on input line 4.
LaTeX Font Info:    Checking defaults for PD1/pdf/m/n on input line 4.
LaTeX Font Info:    ... okay on input line 4.

*geometry* driver: auto-detecting
*geometry* detected driver: pdftex
*geometry* verbose mode - [ preamble ] result:
* driver: pdftex
* paper: a4paper
* layout: <same size as paper>
* layoutoffset:(h,v)=(0.0pt,0.0pt)
* modes: 
* h-part:(L,W,R)=(54.2025pt, 489.10287pt, 54.2025pt)
* v-part:(T,H,B)=(54.2025pt, 736.64185pt, 54.2025pt)
* \paperwidth=597.50787pt
* \paperheight=845.04684pt
* \textwidth=489.10287pt
* \textheight=736.64185pt
* \oddsidemargin=-18.06749pt
* \evensidemargin=-18.06749pt
* \topmargin=-55.06749pt
* \headheight=12.0pt
* \headsep=25.0pt
* \topskip=12.0pt
* \footskip=30.0pt
* \marginparwidth=35.0pt
* \marginparsep=10.0pt
* \columnsep=10.0pt
* \skip\footins=10.8pt plus 4.0pt minus 2.0pt
* \hoffset=0.0pt
* \voffset=0.0pt
* \mag=1000
* \@twocolumnfalse
* \@twosidefalse
* \@mparswitchfalse
* \@reversemarginfalse
* (1in=72.27pt=25.4mm, 1cm=28.453pt)

(/usr/share/texlive/texmf-dist/tex/context/base/mkii/supp-pdf.mkii
[Loading MPS to PDF converter (version 2006.09.02).]
\scratchcounter=\count126
\scratchdimen=\dimen147
\scratchbox=\box33
\nofMPsegments=\count127
\nofMParguments=\count128
\everyMPshowfont=\toks21
\MPscratchCnt=\count129
\MPscratchDim=\dimen148
\MPnumerator=\count130
\makeMPintoPDFobject=\count131
\everyMPtoPDFconversion=\toks22
) (/usr/share/texlive/texmf-dist/tex/latex/oberdiek/epstopdf-base.sty
Package: epstopdf-base 2016/05/15 v2.6 Base part for package epstopdf

(/usr/share/texlive/texmf-dist/tex/latex/oberdiek/grfext.sty
Package: grfext 2016/05/16 v1.2 Manage graphics extensions (HO)
)
Package epstopdf-base Info: Redefining graphics rule for `.eps' on input line 4
38.
Package grfext Info: Graphics extension search list:
(grfext)             [.pdf,.png,.jpg,.mps,.jpeg,.jbig2,.jb2,.PDF,.PNG,.JPG,.JPE
G,.JBIG2,.JB2,.eps]
(grfext)             \AppendGraphicsExtensions on input line 456.

(/usr/share/texlive/texmf-dist/tex/latex/latexconfig/epstopdf-sys.cfg
File: epstopdf-sys.cfg 2010/07/13 v1.3 Configuration of (r)epstopdf for TeX Liv
e
))
\c@lstlisting=\count132
\AtBeginShipoutBox=\box34
Package hyperref Info: Link coloring OFF on input line 4.

(/usr/share/texlive/texmf-dist/tex/latex/hyperref/nameref.sty
Package: nameref 2016/05/21 v2.44 Cross-referencing by name of section

(/usr/share/texlive/texmf-dist/tex/generic/oberdiek/gettitlestring.sty
Package: gettitlestring 2016/05/16 v1.5 Cleanup title references (HO)
)
\c@section@level=\count133
)
LaTeX Info: Redefining \ref on input line 4.
LaTeX Info: Redefining \pageref on input line 4.
LaTeX Info: Redefining \nameref on input line 4.

(./Lab_report_3.out) (./Lab_report_3.out)
\@outlinefile=\write3
\openout3 = `Lab_report_3.out'.

Package caption Info: Begin \AtBeginDocument code.
Package caption Info: subfig package v1.3 is loaded.
Package caption Info: End \AtBeginDocument code.

(/usr/share/texlive/texmf-dist/tex/latex/oberdiek/pdflscape.sty
Package: pdflscape 2016/05/14 v0.11 Display of landscape pages in PDF (HO)

(/usr/share/texlive/texmf-dist/tex/latex/graphics/lscape.sty
Package: lscape 2000/10/22 v3.01 Landscape Pages (DPC)
)
Package pdflscape Info: Auto-detected driver: pdftex on input line 81.
)
\openout2 = `titlepage.aux'.

 (./titlepage.tex
<"assets/UoN eee".png, id=132, 521.69907pt x 225.84375pt>
File: "assets/UoN eee".png Graphic file (type png)
<use "assets/UoN eee".png>
Package pdftex.def Info: "assets/UoN eee".png  used on input line 8.
(pdftex.def)             Requested size: 104.33795pt x 45.16794pt.
[1




{/var/lib/texmf/fonts/map/pdftex/updmap/pdftex.map} <./assets/UoN eee.png>])
(./Lab_report_3.toc
LaTeX Font Info:    External font `cmex10' loaded for size
(Font)              <12> on input line 2.
LaTeX Font Info:    External font `cmex10' loaded for size
(Font)              <8> on input line 2.
LaTeX Font Info:    External font `cmex10' loaded for size
(Font)              <6> on input line 2.

Overfull \hbox (3.65549pt too wide) detected at line 29
 []\OT1/cmr/m/n/12 xxiv
 []


Overfull \hbox (3.65549pt too wide) detected at line 30
 []\OT1/cmr/m/n/12 xxix
 []


Overfull \hbox (9.85681pt too wide) detected at line 31
 []\OT1/cmr/m/n/12 xxxvi
 []

)
\tf@toc=\write4
\openout4 = `Lab_report_3.toc'.

 [0


]
Chapter 1.
<"assets/track".png, id=182, 695.59875pt x 387.4475pt>
File: "assets/track".png Graphic file (type png)
<use "assets/track".png>
Package pdftex.def Info: "assets/track".png  used on input line 18.
(pdftex.def)             Requested size: 244.55144pt x 136.21167pt.
pdfTeX warning (ext4): destination with the same identifier (name{page.1}) has 
been already used, duplicate ignored
<to be read again> 
                   \relax 
l.31 	
       [1

 <./assets/track.png>] [2]
Chapter 2.
<"assets/pi_audio_schematic".png, id=202, 752.8125pt x 301.125pt>
File: "assets/pi_audio_schematic".png Graphic file (type png)
<use "assets/pi_audio_schematic".png>
Package pdftex.def Info: "assets/pi_audio_schematic".png  used on input line 43
.
(pdftex.def)             Requested size: 391.28378pt x 156.51697pt.
[3

 <./assets/pi_audio_schematic.png>]
<"assets/audio_amplifier".png, id=215, 185.0112pt x 94.1919pt>
File: "assets/audio_amplifier".png Graphic file (type png)
<use "assets/audio_amplifier".png>
Package pdftex.def Info: "assets/audio_amplifier".png  used on input line 58.
(pdftex.def)             Requested size: 293.4647pt x 149.41512pt.
<"assets/amp_front".jpg, id=222, 4047.12pt x 2276.505pt>
File: "assets/amp_front".jpg Graphic file (type jpg)
<use "assets/amp_front".jpg>
Package pdftex.def Info: "assets/amp_front".jpg  used on input line 67.
(pdftex.def)             Requested size: 199.16928pt x 112.0256pt.
<"assets/amp_back".jpg, id=223, 4047.12pt x 2276.505pt>
File: "assets/amp_back".jpg Graphic file (type jpg)
<use "assets/amp_back".jpg>
Package pdftex.def Info: "assets/amp_back".jpg  used on input line 69.
(pdftex.def)             Requested size: 199.16928pt x 112.0256pt.

Underfull \hbox (badness 10000) in paragraph at lines 76--78

 []

[4 <./assets/audio_amplifier.png> <./assets/amp_front.jpg> <./assets/amp_back.j
pg>]
<"assets/i2c_shifter_diagram".png, id=239, 250.536pt x 205.2468pt>
File: "assets/i2c_shifter_diagram".png Graphic file (type png)
<use "assets/i2c_shifter_diagram".png>
Package pdftex.def Info: "assets/i2c_shifter_diagram".png  used on input line 8
1.
(pdftex.def)             Requested size: 293.4647pt x 240.41649pt.
<"assets/sensor_front".jpg, id=243, 4047.12pt x 2276.505pt>
File: "assets/sensor_front".jpg Graphic file (type jpg)
<use "assets/sensor_front".jpg>
Package pdftex.def Info: "assets/sensor_front".jpg  used on input line 92.
(pdftex.def)             Requested size: 199.16928pt x 112.0256pt.
<"assets/sensor_back".jpg, id=244, 4047.12pt x 2276.505pt>
File: "assets/sensor_back".jpg Graphic file (type jpg)
<use "assets/sensor_back".jpg>
Package pdftex.def Info: "assets/sensor_back".jpg  used on input line 94.
(pdftex.def)             Requested size: 199.16928pt x 112.0256pt.
 [5 <./assets/i2c_shifter_diagram.png (PNG copy)> <./assets/sensor_front.jpg> <
./assets/sensor_back.jpg>]
<"assets/pi_camera".png, id=258, 410.53375pt x 273.02pt>
File: "assets/pi_camera".png Graphic file (type png)
<use "assets/pi_camera".png>
Package pdftex.def Info: "assets/pi_camera".png  used on input line 113.
(pdftex.def)             Requested size: 244.55144pt x 162.6343pt.
LaTeX Font Info:    Try loading font information for OMS+cmr on input line 123.


(/usr/share/texlive/texmf-dist/tex/latex/base/omscmr.fd
File: omscmr.fd 2014/09/29 v2.5h Standard LaTeX font definitions
)
LaTeX Font Info:    Font shape `OMS/cmr/m/n' in size <10> not available
(Font)              Font shape `OMS/cmsy/m/n' tried instead on input line 123.
LaTeX Font Info:    Try loading font information for OML+cmr on input line 130.


(/usr/share/texlive/texmf-dist/tex/latex/base/omlcmr.fd
File: omlcmr.fd 2014/09/29 v2.5h Standard LaTeX font definitions
)
LaTeX Font Info:    Font shape `OML/cmr/m/n' in size <10> not available
(Font)              Font shape `OML/cmm/m/it' tried instead on input line 130.
<"assets/h-bridge_a".png, id=266, 203.25937pt x 198.7425pt>
File: "assets/h-bridge_a".png Graphic file (type png)
<use "assets/h-bridge_a".png>
Package pdftex.def Info: "assets/h-bridge_a".png  used on input line 146.
(pdftex.def)             Requested size: 142.26378pt x 139.10666pt.
<"assets/h-bridge_b".png, id=267, 203.25937pt x 198.7425pt>
File: "assets/h-bridge_b".png Graphic file (type png)
<use "assets/h-bridge_b".png>
Package pdftex.def Info: "assets/h-bridge_b".png  used on input line 148.
(pdftex.def)             Requested size: 142.26378pt x 139.10666pt.
 [6 <./assets/pi_camera.png>]
<"assets/control_V1_flowchart".pdf, id=298, 787.74298pt x 361.35pt>
File: "assets/control_V1_flowchart".pdf Graphic file (type pdf)
<use "assets/control_V1_flowchart".pdf>
Package pdftex.def Info: "assets/control_V1_flowchart".pdf  used on input line 
158.
(pdftex.def)             Requested size: 489.10287pt x 224.36pt.
 [7 <./assets/h-bridge_a.png> <./assets/h-bridge_b.png> <./assets/control_V1_fl
owchart.pdf>]
Chapter 3.


pdfTeX warning: /usr/bin/pdflatex (file ./assets/line_following_V1_flowchart.pd
f): PDF inclusion: found PDF version <1.7>, but at most version <1.5> allowed
<"assets/line_following_V1_flowchart".pdf, id=316, 844.65562pt x 596.98032pt>
File: "assets/line_following_V1_flowchart".pdf Graphic file (type pdf)
<use "assets/line_following_V1_flowchart".pdf>
Package pdftex.def Info: "assets/line_following_V1_flowchart".pdf  used on inpu
t line 171.
(pdftex.def)             Requested size: 489.10287pt x 345.69316pt.
[8

 <./assets/line_following_V1_flowchart.pdf>]

pdfTeX warning: /usr/bin/pdflatex (file ./assets/line_following_V2_flowchart.pd
f): PDF inclusion: found PDF version <1.7>, but at most version <1.5> allowed
<"assets/line_following_V2_flowchart".pdf, id=346, 844.65562pt x 596.98032pt>
File: "assets/line_following_V2_flowchart".pdf Graphic file (type pdf)
<use "assets/line_following_V2_flowchart".pdf>
Package pdftex.def Info: "assets/line_following_V2_flowchart".pdf  used on inpu
t line 184.
(pdftex.def)             Requested size: 489.10287pt x 345.69316pt.
[9 <./assets/line_following_V2_flowchart.pdf>]
Chapter 4.

Underfull \hbox (badness 10000) in paragraph at lines 192--194

 []

<"assets/symbols/BlueShortCut".png, id=377, 240.9pt x 180.675pt>
File: "assets/symbols/BlueShortCut".png Graphic file (type png)
<use "assets/symbols/BlueShortCut".png>
Package pdftex.def Info: "assets/symbols/BlueShortCut".png  used on input line 
197.
(pdftex.def)             Requested size: 142.26378pt x 106.69931pt.
<"assets/symbols/ShapeCounter".png, id=378, 240.9pt x 180.675pt>
File: "assets/symbols/ShapeCounter".png Graphic file (type png)
<use "assets/symbols/ShapeCounter".png>
Package pdftex.def Info: "assets/symbols/ShapeCounter".png  used on input line 
199.
(pdftex.def)             Requested size: 142.26378pt x 106.69931pt.


pdfTeX warning: /usr/bin/pdflatex (file ./assets/symbol_detect_flowchart.pdf): 
PDF inclusion: found PDF version <1.7>, but at most version <1.5> allowed
<"assets/symbol_detect_flowchart".pdf, id=379, 844.65562pt x 596.98032pt>
File: "assets/symbol_detect_flowchart".pdf Graphic file (type pdf)
<use "assets/symbol_detect_flowchart".pdf>
Package pdftex.def Info: "assets/symbol_detect_flowchart".pdf  used on input li
ne 208.
(pdftex.def)             Requested size: 489.10287pt x 345.69316pt.

LaTeX Warning: `h' float specifier changed to `ht'.

<"assets/symbol_test_a".png, id=380, 155.3805pt x 115.3911pt>
File: "assets/symbol_test_a".png Graphic file (type png)
<use "assets/symbol_test_a".png>
Package pdftex.def Info: "assets/symbol_test_a".png  used on input line 216.
(pdftex.def)             Requested size: 142.26378pt x 105.65224pt.
<"assets/symbol_test_b".png, id=381, 154.4169pt x 115.632pt>
File: "assets/symbol_test_b".png Graphic file (type png)
<use "assets/symbol_test_b".png>
Package pdftex.def Info: "assets/symbol_test_b".png  used on input line 218.
(pdftex.def)             Requested size: 142.26378pt x 106.538pt.
<"assets/symbol_test_c".png, id=382, 153.9351pt x 114.9093pt>
File: "assets/symbol_test_c".png Graphic file (type png)
<use "assets/symbol_test_c".png>
Package pdftex.def Info: "assets/symbol_test_c".png  used on input line 221.
(pdftex.def)             Requested size: 142.26378pt x 106.20526pt.
<"assets/symbol_test_d".png, id=383, 152.2488pt x 113.4639pt>
File: "assets/symbol_test_d".png Graphic file (type png)
<use "assets/symbol_test_d".png>
Package pdftex.def Info: "assets/symbol_test_d".png  used on input line 223.
(pdftex.def)             Requested size: 142.26378pt x 106.03105pt.

LaTeX Warning: `h' float specifier changed to `ht'.

[10

 <./assets/symbols/BlueShortCut.PNG> <./assets/symbols/ShapeCounter.PNG>]
[11 <./assets/symbol_detect_flowchart.pdf> <./assets/symbol_test_A.png> <./asse
ts/symbol_test_B.png> <./assets/symbol_test_C.png> <./assets/symbol_test_D.png>
]
Chapter 5.
<"assets/stop_light_detect_flowchart".pdf, id=433, 814.4829pt x 254.3904pt>
File: "assets/stop_light_detect_flowchart".pdf Graphic file (type pdf)
<use "assets/stop_light_detect_flowchart".pdf>
Package pdftex.def Info: "assets/stop_light_detect_flowchart".pdf  used on inpu
t line 237.
(pdftex.def)             Requested size: 489.10287pt x 152.7635pt.
<"assets/stop_light_green".png, id=434, 558.085pt x 447.6725pt>
File: "assets/stop_light_green".png Graphic file (type png)
<use "assets/stop_light_green".png>
Package pdftex.def Info: "assets/stop_light_green".png  used on input line 244.

(pdftex.def)             Requested size: 142.26378pt x 114.1174pt.
<"assets/stop_light_red".png, id=435, 559.08875pt x 389.455pt>
File: "assets/stop_light_red".png Graphic file (type png)
<use "assets/stop_light_red".png>
Package pdftex.def Info: "assets/stop_light_red".png  used on input line 246.
(pdftex.def)             Requested size: 142.26378pt x 99.09874pt.


pdfTeX warning: /usr/bin/pdflatex (file ./assets/shape_counter_flowchart.pdf): 
PDF inclusion: found PDF version <1.7>, but at most version <1.5> allowed
<"assets/shape_counter_flowchart".pdf, id=436, 844.65562pt x 596.98032pt>
File: "assets/shape_counter_flowchart".pdf Graphic file (type pdf)
<use "assets/shape_counter_flowchart".pdf>
Package pdftex.def Info: "assets/shape_counter_flowchart".pdf  used on input li
ne 257.
(pdftex.def)             Requested size: 489.10287pt x 345.69316pt.

LaTeX Warning: `h' float specifier changed to `ht'.

<"assets/shape_counter_screen".png, id=437, 502.87875pt x 283.0575pt>
File: "assets/shape_counter_screen".png Graphic file (type png)
<use "assets/shape_counter_screen".png>
Package pdftex.def Info: "assets/shape_counter_screen".png  used on input line 
264.
(pdftex.def)             Requested size: 142.26378pt x 80.07617pt.
<"assets/shape_counter_frame_BW".png, id=438, 495.8525pt x 278.03876pt>
File: "assets/shape_counter_frame_BW".png Graphic file (type png)
<use "assets/shape_counter_frame_BW".png>
Package pdftex.def Info: "assets/shape_counter_frame_BW".png  used on input lin
e 266.
(pdftex.def)             Requested size: 142.26378pt x 79.77217pt.
<"assets/shape_counter_shapes_BW".png, id=439, 319.1925pt x 238.8925pt>
File: "assets/shape_counter_shapes_BW".png Graphic file (type png)
<use "assets/shape_counter_shapes_BW".png>
Package pdftex.def Info: "assets/shape_counter_shapes_BW".png  used on input li
ne 268.
(pdftex.def)             Requested size: 142.26378pt x 106.47267pt.
<"assets/shape_counter_shapes_contor".png, id=440, 323.2075pt x 243.91125pt>
File: "assets/shape_counter_shapes_contor".png Graphic file (type png)
<use "assets/shape_counter_shapes_contor".png>
Package pdftex.def Info: "assets/shape_counter_shapes_contor".png  used on inpu
t line 270.
(pdftex.def)             Requested size: 142.26378pt x 107.35849pt.

LaTeX Warning: `h' float specifier changed to `ht'.

[12

 <./assets/stop_light_detect_flowchart.pdf> <./assets/stop_light_green.png> <./
assets/stop_light_red.png>] [13 <./assets/shape_counter_flowchart.pdf> <./asset
s/shape_counter_screen.png> <./assets/shape_counter_frame_BW.png> <./assets/sha
pe_counter_shapes_BW.png> <./assets/shape_counter_shapes_contor.png>]
Chapter 6.
LaTeX Font Info:    Font shape `OMS/cmr/m/n' in size <12> not available
(Font)              Font shape `OMS/cmsy/m/n' tried instead on input line 283.
[14

]
<"assets/SAE_autonomy_levels".png, id=502, 918.43124pt x 871.255pt>
File: "assets/SAE_autonomy_levels".png Graphic file (type png)
<use "assets/SAE_autonomy_levels".png>
Package pdftex.def Info: "assets/SAE_autonomy_levels".png  used on input line 3
02.
(pdftex.def)             Requested size: 342.37051pt x 324.79216pt.
 [15 <./assets/SAE_autonomy_levels.png>]
LaTeX Font Info:    External font `cmex10' loaded for size
(Font)              <7> on input line 333.
LaTeX Font Info:    External font `cmex10' loaded for size
(Font)              <5> on input line 333.
 [1

]
<assets/code/open_cv_task.pdf, id=562, 597.50829pt x 845.0471pt>
File: assets/code/open_cv_task.pdf Graphic file (type pdf)
<use assets/code/open_cv_task.pdf>
Package pdftex.def Info: assets/code/open_cv_task.pdf  used on input line 378.
(pdftex.def)             Requested size: 597.50682pt x 845.04504pt.
File: assets/code/open_cv_task.pdf Graphic file (type pdf)
<use assets/code/open_cv_task.pdf>
Package pdftex.def Info: assets/code/open_cv_task.pdf  used on input line 378.
(pdftex.def)             Requested size: 597.50682pt x 845.04504pt.
<assets/code/open_cv_task.pdf, id=565, page=1, 597.50829pt x 845.0471pt>
File: assets/code/open_cv_task.pdf Graphic file (type pdf)
<use assets/code/open_cv_task.pdf, page 1>
Package pdftex.def Info: assets/code/open_cv_task.pdf , page1 used on input lin
e 378.
(pdftex.def)             Requested size: 597.50682pt x 845.04504pt.
File: assets/code/open_cv_task.pdf Graphic file (type pdf)
<use assets/code/open_cv_task.pdf, page 1>
Package pdftex.def Info: assets/code/open_cv_task.pdf , page1 used on input lin
e 378.
(pdftex.def)             Requested size: 597.53416pt x 845.08372pt.
 [2]
File: assets/code/open_cv_task.pdf Graphic file (type pdf)
<use assets/code/open_cv_task.pdf, page 1>
Package pdftex.def Info: assets/code/open_cv_task.pdf , page1 used on input lin
e 378.
(pdftex.def)             Requested size: 597.53416pt x 845.08372pt.
File: assets/code/open_cv_task.pdf Graphic file (type pdf)
<use assets/code/open_cv_task.pdf, page 1>
Package pdftex.def Info: assets/code/open_cv_task.pdf , page1 used on input lin
e 378.
(pdftex.def)             Requested size: 597.53416pt x 845.08372pt.
File: assets/code/open_cv_task.pdf Graphic file (type pdf)
<use assets/code/open_cv_task.pdf, page 1>
Package pdftex.def Info: assets/code/open_cv_task.pdf , page1 used on input lin
e 378.
(pdftex.def)             Requested size: 597.53416pt x 845.08372pt.
 [3 <./assets/code/open_cv_task.pdf>]
<assets/code/open_cv_task.pdf, id=628, page=2, 597.50829pt x 845.0471pt>
File: assets/code/open_cv_task.pdf Graphic file (type pdf)
<use assets/code/open_cv_task.pdf, page 2>
Package pdftex.def Info: assets/code/open_cv_task.pdf , page2 used on input lin
e 378.
(pdftex.def)             Requested size: 597.53416pt x 845.08372pt.
File: assets/code/open_cv_task.pdf Graphic file (type pdf)
<use assets/code/open_cv_task.pdf, page 2>
Package pdftex.def Info: assets/code/open_cv_task.pdf , page2 used on input lin
e 378.
(pdftex.def)             Requested size: 597.53416pt x 845.08372pt.
File: assets/code/open_cv_task.pdf Graphic file (type pdf)
<use assets/code/open_cv_task.pdf, page 2>
Package pdftex.def Info: assets/code/open_cv_task.pdf , page2 used on input lin
e 378.
(pdftex.def)             Requested size: 597.53416pt x 845.08372pt.
 [4 <./assets/code/open_cv_task.pdf>]
<assets/code/open_cv_task.pdf, id=638, page=3, 597.50829pt x 845.0471pt>
File: assets/code/open_cv_task.pdf Graphic file (type pdf)
<use assets/code/open_cv_task.pdf, page 3>
Package pdftex.def Info: assets/code/open_cv_task.pdf , page3 used on input lin
e 378.
(pdftex.def)             Requested size: 597.53416pt x 845.08372pt.
File: assets/code/open_cv_task.pdf Graphic file (type pdf)
<use assets/code/open_cv_task.pdf, page 3>
Package pdftex.def Info: assets/code/open_cv_task.pdf , page3 used on input lin
e 378.
(pdftex.def)             Requested size: 597.53416pt x 845.08372pt.
File: assets/code/open_cv_task.pdf Graphic file (type pdf)
<use assets/code/open_cv_task.pdf, page 3>
Package pdftex.def Info: assets/code/open_cv_task.pdf , page3 used on input lin
e 378.
(pdftex.def)             Requested size: 597.53416pt x 845.08372pt.
 [5 <./assets/code/open_cv_task.pdf>] (./assets/code/arduino_motor_V1.0.txt [6]
)
(./assets/code/arduino_motor_V1.1.txt [7] [8])
(./assets/code/arduino_motor_V2.txt [9] [10] [11])
(./assets/code/Motor_control_code_v1.cpp [12] [13] [14] [15])
(./assets/code/Motor_control_code_v2-0.cpp [16] [17])
(./assets/code/Motor_control_code_v2-1.cpp [18] [19])
(./assets/code/arduino_sensors.txt [20] [21] [22]) (./assets/code/sensors.cpp
[23]) (./assets/code/line_follow_V1.cpp [24] [25] [26])
(./assets/code/line_follow_V2.cpp [27] [28]) (./assets/code/symbol_detect.cpp
[29] [30] [31] [32] [33] [34] [35]) (./assets/code/shape_count.cpp [36]
[37] [38] [39] [40] [41]) (./assets/code/stop_lights.cpp [42] [43] [44]
[45] [46]) (./Lab_report_3.bbl [47]
Underfull \hbox (badness 6125) in paragraph at lines 18--21
[]\OT1/cmr/m/n/12 R. pi foun-da-tion, ``Rasp-berry pi 3 model b+ (re-duced sche
matic).'' []$\OT1/cmtt/m/n/12 https :
 []


Underfull \hbox (badness 10000) in paragraph at lines 18--21
\OT1/cmtt/m/n/12 / / www . raspberrypi . org / documentation / hardware / raspb
errypi / schematics / rpi _
 []


Underfull \hbox (badness 3668) in paragraph at lines 23--26
[]\OT1/cmr/m/n/12 C. Ba-sics, ``Build a great sound-ing au-dio am-pli-fier from
 the lm386.'' []$\OT1/cmtt/m/n/12 https :
 []


Underfull \hbox (badness 10000) in paragraph at lines 23--26
\OT1/cmtt/m/n/12 / / www . circuitbasics . com / build -[] a -[] great -[] soun
ding -[] audio -[] amplifier -[] with -[] bass -[]
 []


Underfull \hbox (badness 2582) in paragraph at lines 33--36
[]\OT1/cmr/m/n/12 Arduino, ``I2c bi-directional level shifter.'' []$\OT1/cmtt/m
/n/12 https : / / playground . arduino . cc / Main /
 []


Underfull \hbox (badness 1248) in paragraph at lines 38--41
[]\OT1/cmr/m/n/12 R. pi foun-da-tion, ``Cam-era mod-ule v2.'' []$\OT1/cmtt/m/n/
12 https : / / www . raspberrypi . org / products /
 []


Underfull \hbox (badness 3942) in paragraph at lines 48--51
[]\OT1/cmr/m/n/12 M. cir-cuits, ``H-bridges { the ba-sics.'' []$\OT1/cmtt/m/n/1
2 https : / / www . modularcircuits . com / blog /
 []

)
Package atveryend Info: Empty hook `BeforeClearDocument' on input line 425.
 [48

]
Package atveryend Info: Empty hook `AfterLastShipout' on input line 425.
 (./Lab_report_3.aux (./titlepage.aux))
Package atveryend Info: Executing hook `AtVeryEndDocument' on input line 425.
Package atveryend Info: Executing hook `AtEndAfterFileList' on input line 425.
Package rerunfilecheck Info: File `Lab_report_3.out' has not changed.
(rerunfilecheck)             Checksum: 8B3F6B56913ADAC79271A98F616A8925;1935.


LaTeX Warning: There were multiply-defined labels.

Package atveryend Info: Empty hook `AtVeryVeryEnd' on input line 425.
 ) 
Here is how much of TeX's memory you used:
 14477 strings out of 494510
 222402 string characters out of 6176237
 684289 words of memory out of 5000000
 15316 multiletter control sequences out of 15000+600000
 10515 words of font info for 37 fonts, out of 8000000 for 9000
 36 hyphenation exceptions out of 8191
 65i,18n,98p,868b,2014s stack positions out of 5000i,500n,10000p,200000b,80000s
</usr/share/texlive/texmf-dist/fonts/type1/public/amsfonts/cm/cmbx10.pfb></us
r/share/texlive/texmf-dist/fonts/type1/public/amsfonts/cm/cmbx12.pfb></usr/shar
e/texlive/texmf-dist/fonts/type1/public/amsfonts/cm/cmcsc10.pfb></usr/share/tex
live/texmf-dist/fonts/type1/public/amsfonts/cm/cmmi10.pfb></usr/share/texlive/t
exmf-dist/fonts/type1/public/amsfonts/cm/cmmi12.pfb></usr/share/texlive/texmf-d
ist/fonts/type1/public/amsfonts/cm/cmmi8.pfb></usr/share/texlive/texmf-dist/fon
ts/type1/public/amsfonts/cm/cmr10.pfb></usr/share/texlive/texmf-dist/fonts/type
1/public/amsfonts/cm/cmr12.pfb></usr/share/texlive/texmf-dist/fonts/type1/publi
c/amsfonts/cm/cmr17.pfb></usr/share/texlive/texmf-dist/fonts/type1/public/amsfo
nts/cm/cmr5.pfb></usr/share/texlive/texmf-dist/fonts/type1/public/amsfonts/cm/c
mr6.pfb></usr/share/texlive/texmf-dist/fonts/type1/public/amsfonts/cm/cmr7.pfb>
</usr/share/texlive/texmf-dist/fonts/type1/public/amsfonts/cm/cmr8.pfb></usr/sh
are/texlive/texmf-dist/fonts/type1/public/amsfonts/cm/cmsy10.pfb></usr/share/te
xlive/texmf-dist/fonts/type1/public/amsfonts/cm/cmsy8.pfb></usr/share/texlive/t
exmf-dist/fonts/type1/public/amsfonts/cm/cmti12.pfb></usr/share/texlive/texmf-d
ist/fonts/type1/public/amsfonts/cm/cmtt10.pfb></usr/share/texlive/texmf-dist/fo
nts/type1/public/amsfonts/cm/cmtt12.pfb></usr/share/texlive/texmf-dist/fonts/ty
pe1/public/amsfonts/cm/cmu10.pfb>
Output written on Lab_report_3.pdf (65 pages, 14627643 bytes).
PDF statistics:
 3871 PDF objects out of 4296 (max. 8388607)
 3676 compressed objects within 37 object streams
 2624 named destinations out of 2984 (max. 500000)
 442 words of extra memory for PDF output out of 10000 (max. 10000000)

