This is pdfTeX, Version 3.14159265-2.6-1.40.20 (TeX Live 2019/Debian) (preloaded format=pdflatex 2020.3.9)  11 MAY 2020 12:48
entering extended mode
 restricted \write18 enabled.
 %&-line parsing enabled.
**titlepage.tex
(./titlepage.tex
LaTeX2e <2018-12-01>

! LaTeX Error: Environment titlepage undefined.

See the LaTeX manual or LaTeX Companion for explanation.
Type  H <return>  for immediate help.
 ...                                              
                                                  
l.1 \begin{titlepage}
                      % Suppresses headers and footers on the title page
Your command was ignored.
Type  I <command> <return>  to replace it with another command,
or  <return>  to continue without it.

! Undefined control sequence.
l.8 	\includegraphics
                     [scale=0.2,right]{"assets/UoN eee".png}
The control sequence at the end of the top line
of your error message was never \def'ed. If you have
misspelled it (e.g., `\hobx'), type `I' and the correct
spelling (e.g., `I\hbox'). Otherwise just continue,
and I'll forget about whatever was undefined.


! LaTeX Error: Missing \begin{document}.

See the LaTeX manual or LaTeX Companion for explanation.
Type  H <return>  for immediate help.
 ...                                              
                                                  
l.8 	\includegraphics[
                      scale=0.2,right]{"assets/UoN eee".png}
You're in trouble here.  Try typing  <return>  to proceed.
If that doesn't work, type  X <return>  to quit.


Overfull \hbox (152.15446pt too wide) in paragraph at lines 8--9
 []\OT1/cmr/m/sc/10 [scale=0.2,right]"assets/UoN 
 []


Overfull \hbox (43.57748pt too wide) in paragraph at lines 8--9
 \OT1/cmr/m/sc/10 eee".png 
 []


! LaTeX Error: Missing \begin{document}.

See the LaTeX manual or LaTeX Companion for explanation.
Type  H <return>  for immediate help.
 ...                                              
                                                  
l.14 	\rule{\textwidth}{2pt}
                            \vspace*{-\baselineskip}\vspace*{2pt} % Thick ho...

You're in trouble here.  Try typing  <return>  to proceed.
If that doesn't work, type  X <return>  to quit.


Overfull \hbox (8191.99998pt too wide) in paragraph at lines 14--15
 [][] 
 []

! Undefined control sequence.
l.18 	{\LARGE
              Applied EEE Construction Project:\\ Lab Report 3: \\ \ Line fo...
The control sequence at the end of the top line
of your error message was never \def'ed. If you have
misspelled it (e.g., `\hobx'), type `I' and the correct
spelling (e.g., `I\hbox'). Otherwise just continue,
and I'll forget about whatever was undefined.


! LaTeX Error: Missing \begin{document}.

See the LaTeX manual or LaTeX Companion for explanation.
Type  H <return>  for immediate help.
 ...                                              
                                                  
l.18 	{\LARGE A
               pplied EEE Construction Project:\\ Lab Report 3: \\ \ Line fo...

You're in trouble here.  Try typing  <return>  to proceed.
If that doesn't work, type  X <return>  to quit.


Overfull \hbox (39.27197pt too wide) in paragraph at lines 18--18
 []\OT1/cmr/m/sc/10 Applied 
 []


Overfull \hbox (22.24974pt too wide) in paragraph at lines 18--18
 \OT1/cmr/m/sc/10 EEE 
 []


Overfull \hbox (24.12762pt too wide) in paragraph at lines 18--18
 \OT1/cmr/m/sc/10 Con- 
 []


Overfull \hbox (32.11093pt too wide) in paragraph at lines 18--18
 \OT1/cmr/m/sc/10 struc- 
 []


Overfull \hbox (21.42212pt too wide) in paragraph at lines 18--18
 \OT1/cmr/m/sc/10 tion 
 []


Overfull \hbox (44.4108pt too wide) in paragraph at lines 18--18
 \OT1/cmr/m/sc/10 Project: 
 []


! LaTeX Error: Missing \begin{document}.

See the LaTeX manual or LaTeX Companion for explanation.
Type  H <return>  for immediate help.
 ...                                              
                                                  
l.18 ...ARGE Applied EEE Construction Project:\\ L
                                                  ab Report 3: \\ \ Line fol...

You're in trouble here.  Try typing  <return>  to proceed.
If that doesn't work, type  X <return>  to quit.


Overfull \hbox (18.76657pt too wide) in paragraph at lines 18--18
 []\OT1/cmr/m/sc/10 Lab 
 []


Overfull \hbox (17.35541pt too wide) in paragraph at lines 18--18
 \OT1/cmr/m/sc/10 Re- 
 []


Overfull \hbox (23.19986pt too wide) in paragraph at lines 18--18
 \OT1/cmr/m/sc/10 port 
 []


Overfull \hbox (8.72212pt too wide) in paragraph at lines 18--18
 \OT1/cmr/m/sc/10 3: 
 []


! LaTeX Error: Missing \begin{document}.

See the LaTeX manual or LaTeX Companion for explanation.
Type  H <return>  for immediate help.
 ...                                              
                                                  
l.18 ...onstruction Project:\\ Lab Report 3: \\ \ 
                                                  Line following using OpenC...

You're in trouble here.  Try typing  <return>  to proceed.
If that doesn't work, type  X <return>  to quit.


Overfull \hbox (21.56653pt too wide) in paragraph at lines 18--18
 \OT1/cmr/m/sc/10 Line 
 []


Overfull \hbox (20.39989pt too wide) in paragraph at lines 18--18
 \OT1/cmr/m/sc/10 fol- 
 []


Overfull \hbox (23.39987pt too wide) in paragraph at lines 18--18
 \OT1/cmr/m/sc/10 low- 
 []


Overfull \hbox (15.56659pt too wide) in paragraph at lines 18--18
 \OT1/cmr/m/sc/10 ing 
 []


Overfull \hbox (14.48882pt too wide) in paragraph at lines 18--18
 \OT1/cmr/m/sc/10 us- 
 []


Overfull \hbox (15.56659pt too wide) in paragraph at lines 18--18
 \OT1/cmr/m/sc/10 ing 
 []


Overfull \hbox (41.73302pt too wide) in paragraph at lines 18--18
 \OT1/cmr/m/sc/10 OpenCV 
 []


Overfull \hbox (18.51106pt too wide) in paragraph at lines 18--18
 \OT1/cmr/m/sc/10 and 
 []


Overfull \hbox (27.5554pt too wide) in paragraph at lines 18--18
 \OT1/cmr/m/sc/10 level 
 []


Overfull \hbox (11.71107pt too wide) in paragraph at lines 18--18
 \OT1/cmr/m/sc/10 of 
 []


Overfull \hbox (15.82214pt too wide) in paragraph at lines 18--18
 \OT1/cmr/m/sc/10 au- 
 []


Overfull \hbox (22.17766pt too wide) in paragraph at lines 18--18
 \OT1/cmr/m/sc/10 ton- 
 []


Overfull \hbox (19.95547pt too wide) in paragraph at lines 18--18
 \OT1/cmr/m/sc/10 omy 
 []


! LaTeX Error: Missing \begin{document}.

See the LaTeX manual or LaTeX Companion for explanation.
Type  H <return>  for immediate help.
 ...                                              
                                                  
l.22 	\rule{\textwidth}{2pt}
                             % Thick horizontal rule
You're in trouble here.  Try typing  <return>  to proceed.
If that doesn't work, type  X <return>  to quit.


Overfull \hbox (8191.99998pt too wide) in paragraph at lines 22--23
 [][] 
 []


! LaTeX Error: Missing \begin{document}.

See the LaTeX manual or LaTeX Companion for explanation.
Type  H <return>  for immediate help.
 ...                                              
                                                  
l.30 	L
       ab report from sessions 5 \& 6 of the applied EEE construction Projec...

You're in trouble here.  Try typing  <return>  to proceed.
If that doesn't work, type  X <return>  to quit.


Overfull \hbox (18.76657pt too wide) in paragraph at lines 30--31
 []\OT1/cmr/m/sc/10 Lab 
 []


Overfull \hbox (15.37769pt too wide) in paragraph at lines 30--31
 \OT1/cmr/m/sc/10 re- 
 []


Overfull \hbox (23.19986pt too wide) in paragraph at lines 30--31
 \OT1/cmr/m/sc/10 port 
 []


Overfull \hbox (24.97768pt too wide) in paragraph at lines 30--31
 \OT1/cmr/m/sc/10 from 
 []


Overfull \hbox (18.511pt too wide) in paragraph at lines 30--31
 \OT1/cmr/m/sc/10 ses- 
 []


Overfull \hbox (24.66656pt too wide) in paragraph at lines 30--31
 \OT1/cmr/m/sc/10 sions 
 []


Overfull \hbox (5.52773pt too wide) in paragraph at lines 30--31
 \OT1/cmr/m/sc/10 5 
 []


Overfull \hbox (8.44437pt too wide) in paragraph at lines 30--31
 \OT1/cmr/m/sc/10 & 
 []


Overfull \hbox (5.52773pt too wide) in paragraph at lines 30--31
 \OT1/cmr/m/sc/10 6 
 []


Overfull \hbox (11.71107pt too wide) in paragraph at lines 30--31
 \OT1/cmr/m/sc/10 of 
 []


Overfull \hbox (17.62213pt too wide) in paragraph at lines 30--31
 \OT1/cmr/m/sc/10 the 
 []


Overfull \hbox (15.4888pt too wide) in paragraph at lines 30--31
 \OT1/cmr/m/sc/10 ap- 
 []


Overfull \hbox (25.55542pt too wide) in paragraph at lines 30--31
 \OT1/cmr/m/sc/10 plied 
 []


Overfull \hbox (22.24974pt too wide) in paragraph at lines 30--31
 \OT1/cmr/m/sc/10 EEE 
 []


Overfull \hbox (22.17766pt too wide) in paragraph at lines 30--31
 \OT1/cmr/m/sc/10 con- 
 []


Overfull \hbox (32.11093pt too wide) in paragraph at lines 30--31
 \OT1/cmr/m/sc/10 struc- 
 []


Overfull \hbox (21.42212pt too wide) in paragraph at lines 30--31
 \OT1/cmr/m/sc/10 tion 
 []


Overfull \hbox (41.2164pt too wide) in paragraph at lines 30--31
 \OT1/cmr/m/sc/10 Project 
 []

! Undefined control sequence.
l.42 	{\scshape\Large
                      Michael Bagge-Hansen } % Editor list
The control sequence at the end of the top line
of your error message was never \def'ed. If you have
misspelled it (e.g., `\hobx'), type `I' and the correct
spelling (e.g., `I\hbox'). Otherwise just continue,
and I'll forget about whatever was undefined.


! LaTeX Error: Missing \begin{document}.

See the LaTeX manual or LaTeX Companion for explanation.
Type  H <return>  for immediate help.
 ...                                              
                                                  
l.42 	{\scshape\Large M
                       ichael Bagge-Hansen } % Editor list
You're in trouble here.  Try typing  <return>  to proceed.
If that doesn't work, type  X <return>  to quit.


Overfull \hbox (41.79973pt too wide) in paragraph at lines 42--43
 []\OT1/cmr/m/sc/10 Michael 
 []


Overfull \hbox (35.79697pt too wide) in paragraph at lines 42--43
 \OT1/cmr/m/sc/10 Bagge- 
 []


Overfull \hbox (36.69426pt too wide) in paragraph at lines 42--43
 \OT1/cmr/m/sc/10 Hansen 
 []

! Undefined control sequence.
l.44 	\href
           {mailto:eeymb8@Nottingham.ac.uk}{eeymb8@Nottingham.ac.uk}
The control sequence at the end of the top line
of your error message was never \def'ed. If you have
misspelled it (e.g., `\hobx'), type `I' and the correct
spelling (e.g., `I\hbox'). Otherwise just continue,
and I'll forget about whatever was undefined.


! LaTeX Error: Missing \begin{document}.

See the LaTeX manual or LaTeX Companion for explanation.
Type  H <return>  for immediate help.
 ...                                              
                                                  
l.44 	\href{m
             ailto:eeymb8@Nottingham.ac.uk}{eeymb8@Nottingham.ac.uk}
You're in trouble here.  Try typing  <return>  to proceed.
If that doesn't work, type  X <return>  to quit.


Overfull \hbox (310.23705pt too wide) in paragraph at lines 44--45
 []\OT1/cmr/m/sc/10 mailto:eeymb8@Nottingham.ac.ukeeymb8@Nottingham.ac.uk 
 []


! LaTeX Error: Missing \begin{document}.

See the LaTeX manual or LaTeX Companion for explanation.
Type  H <return>  for immediate help.
 ...                                              
                                                  
l.48 	A
       bstract: \\
You're in trouble here.  Try typing  <return>  to proceed.
If that doesn't work, type  X <return>  to quit.


Overfull \hbox (51.37746pt too wide) in paragraph at lines 48--48
 []\OT1/cmr/m/sc/10 Abstract: 
 []


! LaTeX Error: Missing \begin{document}.

See the LaTeX manual or LaTeX Companion for explanation.
Type  H <return>  for immediate help.
 ...                                              
                                                  
l.50 	}
       	
You're in trouble here.  Try typing  <return>  to proceed.
If that doesn't work, type  X <return>  to quit.


Overfull \hbox (7.43329pt too wide) in paragraph at lines 50--50
 []\OT1/cmr/m/it/10 A 
 []


Overfull \hbox (21.21098pt too wide) in paragraph at lines 50--50
 \OT1/cmr/m/it/10 sum- 
 []


Overfull \hbox (22.36096pt too wide) in paragraph at lines 50--50
 \OT1/cmr/m/it/10 mary 
 []


Overfull \hbox (8.17773pt too wide) in paragraph at lines 50--50
 \OT1/cmr/m/it/10 of 
 []


Overfull \hbox (13.03323pt too wide) in paragraph at lines 50--50
 \OT1/cmr/m/it/10 the 
 []


Overfull \hbox (21.21097pt too wide) in paragraph at lines 50--50
 \OT1/cmr/m/it/10 tasks 
 []


Overfull \hbox (14.56657pt too wide) in paragraph at lines 50--50
 \OT1/cmr/m/it/10 un- 
 []


Overfull \hbox (17.50542pt too wide) in paragraph at lines 50--50
 \OT1/cmr/m/it/10 der- 
 []


Overfull \hbox (23.25539pt too wide) in paragraph at lines 50--50
 \OT1/cmr/m/it/10 taken 
 []


Overfull \hbox (8.68884pt too wide) in paragraph at lines 50--50
 \OT1/cmr/m/it/10 in 
 []


Overfull \hbox (17.88876pt too wide) in paragraph at lines 50--50
 \OT1/cmr/m/it/10 Ses- 
 []


Overfull \hbox (21.97766pt too wide) in paragraph at lines 50--50
 \OT1/cmr/m/it/10 sions 
 []


Overfull \hbox (5.11108pt too wide) in paragraph at lines 50--50
 \OT1/cmr/m/it/10 5 
 []


Overfull \hbox (7.66663pt too wide) in paragraph at lines 50--50
 \OT1/cmr/m/it/10 & 
 []


Overfull \hbox (8.17773pt too wide) in paragraph at lines 50--50
 \OT1/cmr/m/it/10 6. 
 []


Overfull \hbox (30.43314pt too wide) in paragraph at lines 50--50
 \OT1/cmr/m/it/10 Adding 
 []


Overfull \hbox (5.11108pt too wide) in paragraph at lines 50--50
 \OT1/cmr/m/it/10 a 
 []


Overfull \hbox (24.67206pt too wide) in paragraph at lines 50--50
 \OT1/cmr/m/it/10 Rasp- 
 []


Overfull \hbox (21.97757pt too wide) in paragraph at lines 50--50
 \OT1/cmr/m/it/10 berry 
 []


Overfull \hbox (9.84995pt too wide) in paragraph at lines 50--50
 \OT1/cmr/m/it/10 Pi 
 []


Overfull \hbox (8.43327pt too wide) in paragraph at lines 50--50
 \OT1/cmr/m/it/10 to 
 []


Overfull \hbox (13.03323pt too wide) in paragraph at lines 50--50
 \OT1/cmr/m/it/10 the 
 []


Overfull \hbox (12.77766pt too wide) in paragraph at lines 50--50
 \OT1/cmr/m/it/10 ve- 
 []


Overfull \hbox (11.75548pt too wide) in paragraph at lines 50--50
 \OT1/cmr/m/it/10 hi- 
 []


Overfull \hbox (11.75546pt too wide) in paragraph at lines 50--50
 \OT1/cmr/m/it/10 cle 
 []


Overfull \hbox (18.14433pt too wide) in paragraph at lines 50--50
 \OT1/cmr/m/it/10 with 
 []


Overfull \hbox (5.11108pt too wide) in paragraph at lines 50--50
 \OT1/cmr/m/it/10 a 
 []


Overfull \hbox (20.9554pt too wide) in paragraph at lines 50--50
 \OT1/cmr/m/it/10 cam- 
 []


Overfull \hbox (13.41655pt too wide) in paragraph at lines 50--50
 \OT1/cmr/m/it/10 era 
 []


Overfull \hbox (8.43327pt too wide) in paragraph at lines 50--50
 \OT1/cmr/m/it/10 to 
 []


Overfull \hbox (20.9554pt too wide) in paragraph at lines 50--50
 \OT1/cmr/m/it/10 com- 
 []


Overfull \hbox (20.18874pt too wide) in paragraph at lines 50--50
 \OT1/cmr/m/it/10 plete 
 []


Overfull \hbox (20.9554pt too wide) in paragraph at lines 50--50
 \OT1/cmr/m/it/10 com- 
 []


Overfull \hbox (22.6165pt too wide) in paragraph at lines 50--50
 \OT1/cmr/m/it/10 puter 
 []


Overfull \hbox (11.24435pt too wide) in paragraph at lines 50--50
 \OT1/cmr/m/it/10 vi- 
 []


Overfull \hbox (17.8888pt too wide) in paragraph at lines 50--50
 \OT1/cmr/m/it/10 sion 
 []


Overfull \hbox (24.27762pt too wide) in paragraph at lines 50--50
 \OT1/cmr/m/it/10 tasks, 
 []


Overfull \hbox (11.24437pt too wide) in paragraph at lines 50--50
 \OT1/cmr/m/it/10 al- 
 []


Overfull \hbox (17.88878pt too wide) in paragraph at lines 50--50
 \OT1/cmr/m/it/10 low- 
 []


Overfull \hbox (13.2888pt too wide) in paragraph at lines 50--50
 \OT1/cmr/m/it/10 ing 
 []


Overfull \hbox (13.03323pt too wide) in paragraph at lines 50--50
 \OT1/cmr/m/it/10 the 
 []


Overfull \hbox (12.77766pt too wide) in paragraph at lines 50--50
 \OT1/cmr/m/it/10 ve- 
 []


Overfull \hbox (11.75548pt too wide) in paragraph at lines 50--50
 \OT1/cmr/m/it/10 hi- 
 []


Overfull \hbox (11.75546pt too wide) in paragraph at lines 50--50
 \OT1/cmr/m/it/10 cle 
 []


Overfull \hbox (8.43327pt too wide) in paragraph at lines 50--50
 \OT1/cmr/m/it/10 to 
 []


Overfull \hbox (12.26654pt too wide) in paragraph at lines 50--50
 \OT1/cmr/m/it/10 be- 
 []


Overfull \hbox (21.97762pt too wide) in paragraph at lines 50--50
 \OT1/cmr/m/it/10 come 
 []


Overfull \hbox (14.05547pt too wide) in paragraph at lines 50--50
 \OT1/cmr/m/it/10 au- 
 []


Overfull \hbox (44.97752pt too wide) in paragraph at lines 50--50
 \OT1/cmr/m/it/10 tonomous. 
 []


! LaTeX Error: The font size command \normalsize is not defined:
               there is probably something wrong with the class file.

See the LaTeX manual or LaTeX Companion for explanation.
Type  H <return>  for immediate help.
 ...                                              
                                                  
l.50 	}
       	
Your command was ignored.
Type  I <command> <return>  to replace it with another command,
or  <return>  to continue without it.

[1{/var/lib/texmf/fonts/map/pdftex/updmap/pdftex.map}]

! LaTeX Error: Missing \begin{document}.

See the LaTeX manual or LaTeX Companion for explanation.
Type  H <return>  for immediate help.
 ...                                              
                                                  
l.50 	}
       	
You're in trouble here.  Try typing  <return>  to proceed.
If that doesn't work, type  X <return>  to quit.


Overfull \hbox (16.86655pt too wide) in paragraph at lines 50--51
 []\OT1/cmr/m/it/10 The 
 []


Overfull \hbox (15.84435pt too wide) in paragraph at lines 50--51
 \OT1/cmr/m/it/10 line 
 []


Overfull \hbox (14.31102pt too wide) in paragraph at lines 50--51
 \OT1/cmr/m/it/10 fol- 
 []


Overfull \hbox (17.88878pt too wide) in paragraph at lines 50--51
 \OT1/cmr/m/it/10 low- 
 []


Overfull \hbox (13.2888pt too wide) in paragraph at lines 50--51
 \OT1/cmr/m/it/10 ing 
 []


Overfull \hbox (16.611pt too wide) in paragraph at lines 50--51
 \OT1/cmr/m/it/10 sys- 
 []


Overfull \hbox (16.09988pt too wide) in paragraph at lines 50--51
 \OT1/cmr/m/it/10 tem 
 []


Overfull \hbox (15.84436pt too wide) in paragraph at lines 50--51
 \OT1/cmr/m/it/10 was 
 []


Overfull \hbox (14.05547pt too wide) in paragraph at lines 50--51
 \OT1/cmr/m/it/10 not 
 []


Overfull \hbox (20.9554pt too wide) in paragraph at lines 50--51
 \OT1/cmr/m/it/10 com- 
 []


Overfull \hbox (24.7887pt too wide) in paragraph at lines 50--51
 \OT1/cmr/m/it/10 pleted 
 []


Overfull \hbox (15.07768pt too wide) in paragraph at lines 50--51
 \OT1/cmr/m/it/10 due 
 []


Overfull \hbox (8.43327pt too wide) in paragraph at lines 50--51
 \OT1/cmr/m/it/10 to 
 []


Overfull \hbox (5.11108pt too wide) in paragraph at lines 50--51
 \OT1/cmr/m/it/10 a 
 []


Overfull \hbox (16.86655pt too wide) in paragraph at lines 50--51
 \OT1/cmr/m/it/10 lack 
 []


Overfull \hbox (8.17773pt too wide) in paragraph at lines 50--51
 \OT1/cmr/m/it/10 of 
 []


Overfull \hbox (15.84435pt too wide) in paragraph at lines 50--51
 \OT1/cmr/m/it/10 fine 
 []


Overfull \hbox (16.86656pt too wide) in paragraph at lines 50--51
 \OT1/cmr/m/it/10 mo- 
 []


Overfull \hbox (12.6499pt too wide) in paragraph at lines 50--51
 \OT1/cmr/m/it/10 tor 
 []


Overfull \hbox (13.79991pt too wide) in paragraph at lines 50--51
 \OT1/cmr/m/it/10 ad- 
 []


Overfull \hbox (19.42209pt too wide) in paragraph at lines 50--51
 \OT1/cmr/m/it/10 just- 
 []


Overfull \hbox (21.72208pt too wide) in paragraph at lines 50--51
 \OT1/cmr/m/it/10 ment 
 []


Overfull \hbox (24.91644pt too wide) in paragraph at lines 50--51
 \OT1/cmr/m/it/10 there- 
 []


Overfull \hbox (16.4832pt too wide) in paragraph at lines 50--51
 \OT1/cmr/m/it/10 fore 
 []


Overfull \hbox (22.10538pt too wide) in paragraph at lines 50--51
 \OT1/cmr/m/it/10 over- 
 []


Overfull \hbox (16.9943pt too wide) in paragraph at lines 50--51
 \OT1/cmr/m/it/10 cor- 
 []


Overfull \hbox (19.29424pt too wide) in paragraph at lines 50--51
 \OT1/cmr/m/it/10 rect- 
 []


Overfull \hbox (13.2888pt too wide) in paragraph at lines 50--51
 \OT1/cmr/m/it/10 ing 
 []


Overfull \hbox (12.39436pt too wide) in paragraph at lines 50--51
 \OT1/cmr/m/it/10 for 
 []


Overfull \hbox (13.03323pt too wide) in paragraph at lines 50--51
 \OT1/cmr/m/it/10 the 
 []


Overfull \hbox (33.73311pt too wide) in paragraph at lines 50--51
 \OT1/cmr/m/it/10 changes 
 []


Overfull \hbox (8.68884pt too wide) in paragraph at lines 50--51
 \OT1/cmr/m/it/10 in 
 []


Overfull \hbox (18.911pt too wide) in paragraph at lines 50--51
 \OT1/cmr/m/it/10 line. 
 []


Overfull \hbox (24.91649pt too wide) in paragraph at lines 50--51
 \OT1/cmr/m/it/10 Other 
 []


Overfull \hbox (16.611pt too wide) in paragraph at lines 50--51
 \OT1/cmr/m/it/10 sys- 
 []


Overfull \hbox (23.2554pt too wide) in paragraph at lines 50--51
 \OT1/cmr/m/it/10 tems, 
 []


Overfull \hbox (22.23318pt too wide) in paragraph at lines 50--51
 \OT1/cmr/m/it/10 Sym- 
 []


Overfull \hbox (11.75546pt too wide) in paragraph at lines 50--51
 \OT1/cmr/m/it/10 bol 
 []


Overfull \hbox (13.28879pt too wide) in paragraph at lines 50--51
 \OT1/cmr/m/it/10 de- 
 []


Overfull \hbox (15.58873pt too wide) in paragraph at lines 50--51
 \OT1/cmr/m/it/10 tec- 
 []


Overfull \hbox (20.18877pt too wide) in paragraph at lines 50--51
 \OT1/cmr/m/it/10 tion, 
 []


Overfull \hbox (19.16655pt too wide) in paragraph at lines 50--51
 \OT1/cmr/m/it/10 Stop 
 []


Overfull \hbox (18.65543pt too wide) in paragraph at lines 50--51
 \OT1/cmr/m/it/10 light 
 []


Overfull \hbox (13.28879pt too wide) in paragraph at lines 50--51
 \OT1/cmr/m/it/10 de- 
 []


Overfull \hbox (15.58873pt too wide) in paragraph at lines 50--51
 \OT1/cmr/m/it/10 tec- 
 []


Overfull \hbox (17.12212pt too wide) in paragraph at lines 50--51
 \OT1/cmr/m/it/10 tion 
 []


Overfull \hbox (15.84436pt too wide) in paragraph at lines 50--51
 \OT1/cmr/m/it/10 and 
 []


Overfull \hbox (25.04428pt too wide) in paragraph at lines 50--51
 \OT1/cmr/m/it/10 Shape 
 []


Overfull \hbox (27.08868pt too wide) in paragraph at lines 50--51
 \OT1/cmr/m/it/10 count- 
 []


Overfull \hbox (13.2888pt too wide) in paragraph at lines 50--51
 \OT1/cmr/m/it/10 ing 
 []


Overfull \hbox (15.84436pt too wide) in paragraph at lines 50--51
 \OT1/cmr/m/it/10 was 
 []


Overfull \hbox (13.28879pt too wide) in paragraph at lines 50--51
 \OT1/cmr/m/it/10 de- 
 []


Overfull \hbox (15.3332pt too wide) in paragraph at lines 50--51
 \OT1/cmr/m/it/10 vel- 
 []


Overfull \hbox (18.91096pt too wide) in paragraph at lines 50--51
 \OT1/cmr/m/it/10 oped 
 []


Overfull \hbox (18.14433pt too wide) in paragraph at lines 50--51
 \OT1/cmr/m/it/10 with 
 []


Overfull \hbox (14.31102pt too wide) in paragraph at lines 50--51
 \OT1/cmr/m/it/10 few 
 []


Overfull \hbox (22.10538pt too wide) in paragraph at lines 50--51
 \OT1/cmr/m/it/10 prob- 
 []


Overfull \hbox (22.48875pt too wide) in paragraph at lines 50--51
 \OT1/cmr/m/it/10 lems. 
 []


! LaTeX Error: Missing \begin{document}.

See the LaTeX manual or LaTeX Companion for explanation.
Type  H <return>  for immediate help.
 ...                                              
                                                  
l.64 	A
       pril 2020 % Publication date
You're in trouble here.  Try typing  <return>  to proceed.
If that doesn't work, type  X <return>  to quit.


Overfull \hbox (27.89426pt too wide) in paragraph at lines 64--65
 []\OT1/cmr/m/sc/10 April 
 []


Overfull \hbox (22.1109pt too wide) in paragraph at lines 64--65
 \OT1/cmr/m/sc/10 2020 
 []

! Undefined control sequence.
l.66 	{\large
              The University of Nottingham} % Publisher
The control sequence at the end of the top line
of your error message was never \def'ed. If you have
misspelled it (e.g., `\hobx'), type `I' and the correct
spelling (e.g., `I\hbox'). Otherwise just continue,
and I'll forget about whatever was undefined.


! LaTeX Error: Missing \begin{document}.

See the LaTeX manual or LaTeX Companion for explanation.
Type  H <return>  for immediate help.
 ...                                              
                                                  
l.66 	{\large T
               he University of Nottingham} % Publisher
You're in trouble here.  Try typing  <return>  to proceed.
If that doesn't work, type  X <return>  to quit.


Overfull \hbox (19.5721pt too wide) in paragraph at lines 66--67
 []\OT1/cmr/m/sc/10 The 
 []


Overfull \hbox (21.07207pt too wide) in paragraph at lines 66--67
 \OT1/cmr/m/sc/10 Uni- 
 []


Overfull \hbox (21.511pt too wide) in paragraph at lines 66--67
 \OT1/cmr/m/sc/10 ver- 
 []


Overfull \hbox (19.64435pt too wide) in paragraph at lines 66--67
 \OT1/cmr/m/sc/10 sity 
 []


Overfull \hbox (11.71107pt too wide) in paragraph at lines 66--67
 \OT1/cmr/m/sc/10 of 
 []


Overfull \hbox (24.18315pt too wide) in paragraph at lines 66--67
 \OT1/cmr/m/sc/10 Not- 
 []


Overfull \hbox (25.2554pt too wide) in paragraph at lines 66--67
 \OT1/cmr/m/sc/10 ting- 
 []


Overfull \hbox (19.73326pt too wide) in paragraph at lines 66--67
 \OT1/cmr/m/sc/10 ham 
 []


! LaTeX Error: \begin{document} ended by \end{titlepage}.

See the LaTeX manual or LaTeX Companion for explanation.
Type  H <return>  for immediate help.
 ...                                              
                                                  
l.68 \end{titlepage}
                    
Your command was ignored.
Type  I <command> <return>  to replace it with another command,
or  <return>  to continue without it.

)
! Emergency stop.
<*> titlepage.tex
                 
*** (job aborted, no legal \end found)

 
Here is how much of TeX's memory you used:
 13 strings out of 494510
 224 string characters out of 6176237
 56194 words of memory out of 5000000
 3786 multiletter control sequences out of 15000+600000
 4287 words of font info for 16 fonts, out of 8000000 for 9000
 36 hyphenation exceptions out of 8191
 21i,4n,15p,452b,174s stack positions out of 5000i,500n,10000p,200000b,80000s
!  ==> Fatal error occurred, no output PDF file produced!
